# JRE version: Java(TM) SE Runtime Environment (14.0.2+12) (build 14.0.2+12-46)
# Java VM: Java HotSpot(TM) 64-Bit Server VM (14.0.2+12-46, mixed mode, sharing, tiered, compressed oops, g1 gc, windows-amd64)
Heap:
 garbage-first heap   total 73728K, used 16606K [0x00000000c1800000, 0x0000000100000000)
  region size 1024K, 4 young (4096K), 4 survivors (4096K)
 Metaspace       used 28953K, capacity 30172K, committed 30256K, reserved 1075200K
  class space    used 3990K, capacity 4452K, committed 4480K, reserved 1048576K
GC Heap History (20 events):
Event: 1.135 GC heap after
{Heap after GC invocations=3 (full 0):
 garbage-first heap   total 65536K, used 7526K [0x00000000c1800000, 0x0000000100000000)
  region size 1024K, 2 young (2048K), 2 survivors (2048K)
 Metaspace       used 7171K, capacity 7565K, committed 7808K, reserved 1056768K
  class space    used 919K, capacity 1075K, committed 1152K, reserved 1048576K
}
Event: 1.338 GC heap before
{Heap before GC invocations=3 (full 0):
 garbage-first heap   total 65536K, used 42342K [0x00000000c1800000, 0x0000000100000000)
  region size 1024K, 37 young (37888K), 2 survivors (2048K)
 Metaspace       used 8337K, capacity 8782K, committed 8960K, reserved 1056768K
  class space    used 1100K, capacity 1270K, committed 1280K, reserved 1048576K
}
Event: 1.341 GC heap after
{Heap after GC invocations=4 (full 0):
 garbage-first heap   total 65536K, used 7951K [0x00000000c1800000, 0x0000000100000000)
  region size 1024K, 2 young (2048K), 2 survivors (2048K)
 Metaspace       used 8337K, capacity 8782K, committed 8960K, reserved 1056768K
  class space    used 1100K, capacity 1270K, committed 1280K, reserved 1048576K
}
Event: 1.629 GC heap before
{Heap before GC invocations=4 (full 0):
 garbage-first heap   total 65536K, used 44815K [0x00000000c1800000, 0x0000000100000000)
  region size 1024K, 38 young (38912K), 2 survivors (2048K)
 Metaspace       used 12183K, capacity 12746K, committed 13056K, reserved 1060864K
  class space    used 1732K, capacity 1933K, committed 2048K, reserved 1048576K
}
Event: 1.635 GC heap after
{Heap after GC invocations=5 (full 0):
 garbage-first heap   total 78848K, used 8860K [0x00000000c1800000, 0x0000000100000000)
  region size 1024K, 3 young (3072K), 3 survivors (3072K)
 Metaspace       used 12183K, capacity 12746K, committed 13056K, reserved 1060864K
  class space    used 1732K, capacity 1933K, committed 2048K, reserved 1048576K
}
Event: 2.232 GC heap before
{Heap before GC invocations=5 (full 0):
 garbage-first heap   total 78848K, used 51868K [0x00000000c1800000, 0x0000000100000000)
  region size 1024K, 46 young (47104K), 3 survivors (3072K)
 Metaspace       used 17325K, capacity 18005K, committed 18048K, reserved 1064960K
  class space    used 2387K, capacity 2648K, committed 2688K, reserved 1048576K
}
Event: 2.242 GC heap after
{Heap after GC invocations=6 (full 0):
 garbage-first heap   total 78848K, used 10470K [0x00000000c1800000, 0x0000000100000000)
  region size 1024K, 5 young (5120K), 5 survivors (5120K)
 Metaspace       used 17325K, capacity 18005K, committed 18048K, reserved 1064960K
  class space    used 2387K, capacity 2648K, committed 2688K, reserved 1048576K
}
Event: 2.354 GC heap before
{Heap before GC invocations=6 (full 0):
 garbage-first heap   total 78848K, used 51430K [0x00000000c1800000, 0x0000000100000000)
  region size 1024K, 46 young (47104K), 5 survivors (5120K)
 Metaspace       used 17821K, capacity 18522K, committed 18688K, reserved 1064960K
  class space    used 2445K, capacity 2715K, committed 2816K, reserved 1048576K
}
Event: 2.361 GC heap after
{Heap after GC invocations=7 (full 0):
 garbage-first heap   total 78848K, used 10684K [0x00000000c1800000, 0x0000000100000000)
  region size 1024K, 4 young (4096K), 4 survivors (4096K)
 Metaspace       used 17821K, capacity 18522K, committed 18688K, reserved 1064960K
  class space    used 2445K, capacity 2715K, committed 2816K, reserved 1048576K
}
Event: 3.089 GC heap before
{Heap before GC invocations=7 (full 0):
 garbage-first heap   total 78848K, used 51644K [0x00000000c1800000, 0x0000000100000000)
  region size 1024K, 45 young (46080K), 4 survivors (4096K)
 Metaspace       used 20330K, capacity 21138K, committed 21296K, reserved 1067008K
  class space    used 2813K, capacity 3089K, committed 3200K, reserved 1048576K
}
Event: 3.097 GC heap after
{Heap after GC invocations=8 (full 0):
 garbage-first heap   total 78848K, used 12366K [0x00000000c1800000, 0x0000000100000000)
  region size 1024K, 5 young (5120K), 5 survivors (5120K)
 Metaspace       used 20330K, capacity 21138K, committed 21296K, reserved 1067008K
  class space    used 2813K, capacity 3089K, committed 3200K, reserved 1048576K
}
Event: 3.571 GC heap before
{Heap before GC invocations=9 (full 0):
 garbage-first heap   total 51200K, used 37966K [0x00000000c1800000, 0x0000000100000000)
  region size 1024K, 30 young (30720K), 5 survivors (5120K)
 Metaspace       used 22660K, capacity 23604K, committed 23728K, reserved 1069056K
  class space    used 3181K, capacity 3526K, committed 3584K, reserved 1048576K
}
Event: 3.580 GC heap after
{Heap after GC invocations=10 (full 0):
 garbage-first heap   total 61440K, used 13554K [0x00000000c1800000, 0x0000000100000000)
  region size 1024K, 4 young (4096K), 4 survivors (4096K)
 Metaspace       used 22660K, capacity 23604K, committed 23728K, reserved 1069056K
  class space    used 3181K, capacity 3526K, committed 3584K, reserved 1048576K
}
Event: 3.960 GC heap before
{Heap before GC invocations=10 (full 0):
 garbage-first heap   total 61440K, used 45298K [0x00000000c1800000, 0x0000000100000000)
  region size 1024K, 36 young (36864K), 4 survivors (4096K)
 Metaspace       used 25284K, capacity 26276K, committed 26416K, reserved 1071104K
  class space    used 3538K, capacity 3922K, committed 3968K, reserved 1048576K
}
Event: 3.969 GC heap after
{Heap after GC invocations=11 (full 0):
 garbage-first heap   total 61440K, used 15279K [0x00000000c1800000, 0x0000000100000000)
  region size 1024K, 4 young (4096K), 4 survivors (4096K)
 Metaspace       used 25284K, capacity 26276K, committed 26416K, reserved 1071104K
  class space    used 3538K, capacity 3922K, committed 3968K, reserved 1048576K
}
Event: 4.016 GC heap before
{Heap before GC invocations=11 (full 0):
 garbage-first heap   total 61440K, used 47023K [0x00000000c1800000, 0x0000000100000000)
  region size 1024K, 36 young (36864K), 4 survivors (4096K)
 Metaspace       used 25500K, capacity 26519K, committed 26672K, reserved 1073152K
  class space    used 3557K, capacity 3960K, committed 3968K, reserved 1048576K
}
Event: 4.022 GC heap after
{Heap after GC invocations=12 (full 0):
 garbage-first heap   total 61440K, used 15482K [0x00000000c1800000, 0x0000000100000000)
  region size 1024K, 2 young (2048K), 2 survivors (2048K)
 Metaspace       used 25500K, capacity 26519K, committed 26672K, reserved 1073152K
  class space    used 3557K, capacity 3960K, committed 3968K, reserved 1048576K
}
Event: 4.059 GC heap before
{Heap before GC invocations=12 (full 0):
 garbage-first heap   total 61440K, used 48250K [0x00000000c1800000, 0x0000000100000000)
  region size 1024K, 35 young (35840K), 2 survivors (2048K)
 Metaspace       used 25816K, capacity 26880K, committed 27056K, reserved 1073152K
  class space    used 3583K, capacity 3995K, committed 4096K, reserved 1048576K
}
Event: 4.064 GC heap after
{Heap after GC invocations=13 (full 0):
 garbage-first heap   total 61440K, used 15890K [0x00000000c1800000, 0x0000000100000000)
  region size 1024K, 3 young (3072K), 3 survivors (3072K)
 Metaspace       used 25816K, capacity 26880K, committed 27056K, reserved 1073152K
  class space    used 3583K, capacity 3995K, committed 4096K, reserved 1048576K
}
Event: 4.670 GC heap before
{Heap before GC invocations=13 (full 0):
 garbage-first heap   total 61440K, used 48658K [0x00000000c1800000, 0x0000000100000000)
  region size 1024K, 36 young (36864K), 3 survivors (3072K)
 Metaspace       used 28953K, capacity 30172K, committed 30256K, reserved 1075200K
  class space    used 3990K, capacity 4452K, committed 4480K, reserved 1048576K
}

